Watching for file changes with StatReloader
Waiting for apps ready_event.
Apps ready_event triggered. Sending autoreload_started signal.
Watching dir D:\Job\ACS\Employee Portal\admin_project\templates with glob **/*.
Watching dir D:\Job\ACS\Employee Portal\admin_project\admin_panel\templates with glob **/*.
Watching dir D:\Job\ACS\Employee Portal\admin_project\locale with glob **/*.mo.
Watching dir D:\Job\ACS\Employee Portal\admin_project\admin_panel\locale with glob **/*.mo.
(0.004) 
                SELECT VERSION(),
                       @@sql_mode,
                       @@default_storage_engine,
                       @@sql_auto_is_null,
                       @@lower_case_table_names,
                       CONVERT_TZ('2001-01-01 01:00:00', 'UTC', 'UTC') IS NOT NULL
            ; args=None; alias=default
(0.001) SET SESSION TRANSACTION ISOLATION LEVEL READ COMMITTED; args=None; alias=default
(0.007) 
            SELECT
                table_name,
                table_type,
                table_comment
            FROM information_schema.tables
            WHERE table_schema = DATABASE()
            ; args=None; alias=default
(0.002) SELECT `django_migrations`.`id`, `django_migrations`.`app`, `django_migrations`.`name`, `django_migrations`.`applied` FROM `django_migrations`; args=(); alias=default
"GET /admin_panel/admin-login/ HTTP/1.1" 200 1024
File C:\Users\DELL\AppData\Local\Programs\Python\Python313\Lib\asyncio\constants.py first seen with mtime 1733239648.0
File D:\Job\ACS\Employee Portal\.venv\Lib\site-packages\django\utils\text.py first seen with mtime 1737606763.672836
File D:\Job\ACS\Employee Portal\.venv\Lib\site-packages\django\template\utils.py first seen with mtime 1737606763.412063
File C:\Users\DELL\AppData\Local\Programs\Python\Python313\Lib\http\__init__.py first seen with mtime 1733239648.0
File D:\Job\ACS\Employee Portal\.venv\Lib\site-packages\django\contrib\messages\storage\__init__.py first seen with mtime 1737606759.7011538
File D:\Job\ACS\Employee Portal\.venv\Lib\site-packages\django\db\migrations\operations\__init__.py first seen with mtime 1737606762.8988204
File C:\Users\DELL\AppData\Local\Programs\Python\Python313\Lib\json\scanner.py first seen with mtime 1733239648.0
File D:\Job\ACS\Employee Portal\.venv\Lib\site-packages\django\templatetags\__init__.py first seen with mtime 1737606763.4677098
File D:\Job\ACS\Employee Portal\.venv\Lib\site-packages\django\dispatch\dispatcher.py first seen with mtime 1737606763.0896783
File C:\Users\DELL\AppData\Local\Programs\Python\Python313\Lib\textwrap.py first seen with mtime 1733239650.0
File D:\Job\ACS\Employee Portal\.venv\Lib\site-packages\django\contrib\sites\requests.py first seen with mtime 1737606761.5756035
File D:\Job\ACS\Employee Portal\.venv\Lib\site-packages\django\db\models\options.py first seen with mtime 1737606762.9612331
File D:\Job\ACS\Employee Portal\.venv\Lib\site-packages\django\contrib\auth\middleware.py first seen with mtime 1737606756.5107548
File D:\Job\ACS\Employee Portal\.venv\Lib\site-packages\django\urls\converters.py first seen with mtime 1737606763.5145478
File D:\Job\ACS\Employee Portal\.venv\Lib\site-packages\django\utils\safestring.py first seen with mtime 1737606763.6702614
File D:\Job\ACS\Employee Portal\.venv\Lib\site-packages\django\middleware\security.py first seen with mtime 1737606763.346632
File D:\Job\ACS\Employee Portal\.venv\Lib\site-packages\django\core\checks\security\sessions.py first seen with mtime 1737606762.3554492
File C:\Users\DELL\AppData\Local\Programs\Python\Python313\Lib\warnings.py first seen with mtime 1733239650.0
File D:\Job\ACS\Employee Portal\.venv\Lib\site-packages\sqlparse\filters\reindent.py first seen with mtime 1737606750.2192404
File C:\Users\DELL\AppData\Local\Programs\Python\Python313\Lib\email\mime\base.py first seen with mtime 1733239648.0
File C:\Users\DELL\AppData\Local\Programs\Python\Python313\Lib\email\contentmanager.py first seen with mtime 1733239648.0
File C:\Users\DELL\AppData\Local\Programs\Python\Python313\Lib\encodings\__init__.py first seen with mtime 1733239648.0
File C:\Users\DELL\AppData\Local\Programs\Python\Python313\Lib\http\server.py first seen with mtime 1733239648.0
File D:\Job\ACS\Employee Portal\.venv\Lib\site-packages\django\db\models\sql\where.py first seen with mtime 1737606763.0756783
File C:\Users\DELL\AppData\Local\Programs\Python\Python313\Lib\email\__init__.py first seen with mtime 1733239648.0
File D:\Job\ACS\Employee Portal\.venv\Lib\site-packages\django\core\checks\messages.py first seen with mtime 1737606762.314267
File D:\Job\ACS\Employee Portal\.venv\Lib\site-packages\django\db\models\functions\window.py first seen with mtime 1737606763.0523689
File C:\Users\DELL\AppData\Local\Programs\Python\Python313\Lib\bz2.py first seen with mtime 1733239648.0
File D:\Job\ACS\Employee Portal\.venv\Lib\site-packages\django\core\handlers\asgi.py first seen with mtime 1737606762.40678
File D:\Job\ACS\Employee Portal\.venv\Lib\site-packages\asgiref\sync.py first seen with mtime 1737606749.8361843
File D:\Job\ACS\Employee Portal\.venv\Lib\site-packages\django\core\cache\backends\locmem.py first seen with mtime 1737606762.2804012
File C:\Users\DELL\AppData\Local\Programs\Python\Python313\Lib\urllib\parse.py first seen with mtime 1733239650.0
File C:\Users\DELL\AppData\Local\Programs\Python\Python313\Lib\wsgiref\util.py first seen with mtime 1733239650.0
File C:\Users\DELL\AppData\Local\Programs\Python\Python313\Lib\random.py first seen with mtime 1733239648.0
File C:\Users\DELL\AppData\Local\Programs\Python\Python313\Lib\concurrent\futures\thread.py first seen with mtime 1733239648.0
File D:\Job\ACS\Employee Portal\.venv\Lib\site-packages\sqlparse\engine\__init__.py first seen with mtime 1737606750.1910315
File D:\Job\ACS\Employee Portal\.venv\Lib\site-packages\django\middleware\common.py first seen with mtime 1737606763.315553
File C:\Users\DELL\AppData\Local\Programs\Python\Python313\Lib\threading.py first seen with mtime 1733239650.0
File D:\Job\ACS\Employee Portal\.venv\Lib\site-packages\django\contrib\staticfiles\apps.py first seen with mtime 1737606762.173805
File C:\Users\DELL\AppData\Local\Programs\Python\Python313\Lib\logging\__init__.py first seen with mtime 1733239648.0
File D:\Job\ACS\Employee Portal\.venv\Lib\site-packages\django\contrib\messages\api.py first seen with mtime 1737606759.6902292
File D:\Job\ACS\Employee Portal\.venv\Lib\site-packages\django\utils\termcolors.py first seen with mtime 1737606763.6713152
File C:\Users\DELL\AppData\Local\Programs\Python\Python313\Lib\email\mime\multipart.py first seen with mtime 1733239648.0
File D:\Job\ACS\Employee Portal\.venv\Lib\site-packages\MySQLdb\constants\FIELD_TYPE.py first seen with mtime 1737607516.8419502
File D:\Job\ACS\Employee Portal\.venv\Lib\site-packages\django\core\checks\security\__init__.py first seen with mtime 1737606762.34545
File C:\Users\DELL\AppData\Local\Programs\Python\Python313\Lib\asyncio\proactor_events.py first seen with mtime 1733239648.0
File D:\Job\ACS\Employee Portal\.venv\Lib\site-packages\django\core\files\storage\mixins.py first seen with mtime 1737606762.404783
File C:\Users\DELL\AppData\Local\Programs\Python\Python313\Lib\locale.py first seen with mtime 1733239648.0
File C:\Users\DELL\AppData\Local\Programs\Python\Python313\Lib\base64.py first seen with mtime 1733239648.0
File D:\Job\ACS\Employee Portal\.venv\Lib\site-packages\django\template\loaders\cached.py first seen with mtime 1737606763.4631073
File D:\Job\ACS\Employee Portal\.venv\Lib\site-packages\django\db\migrations\exceptions.py first seen with mtime 1737606762.8617632
File C:\Users\DELL\AppData\Local\Programs\Python\Python313\Lib\email\_header_value_parser.py first seen with mtime 1733239648.0
File D:\Job\ACS\Employee Portal\.venv\Lib\site-packages\django\core\files\__init__.py first seen with mtime 1737606762.359452
File D:\Job\ACS\Employee Portal\.venv\Lib\site-packages\django\contrib\auth\hashers.py first seen with mtime 1737606756.509622
File C:\Users\DELL\AppData\Local\Programs\Python\Python313\Lib\email\_parseaddr.py first seen with mtime 1733239648.0
File D:\Job\ACS\Employee Portal\.venv\Lib\site-packages\django\core\cache\__init__.py first seen with mtime 1737606762.258788
File D:\Job\ACS\Employee Portal\.venv\Lib\site-packages\django\utils\module_loading.py first seen with mtime 1737606763.6516583
File D:\Job\ACS\Employee Portal\.venv\Lib\site-packages\django\core\handlers\exception.py first seen with mtime 1737606762.4087822
File D:\Job\ACS\Employee Portal\.venv\Lib\site-packages\sqlparse\engine\grouping.py first seen with mtime 1737606750.1940913
File D:\Job\ACS\Employee Portal\.venv\Lib\site-packages\django\contrib\contenttypes\models.py first seen with mtime 1737606757.190289
File D:\Job\ACS\Employee Portal\.venv\Lib\site-packages\django\template\loaders\base.py first seen with mtime 1737606763.4551086
File D:\Job\ACS\Employee Portal\.venv\Lib\site-packages\django\utils\encoding.py first seen with mtime 1737606763.6120243
File D:\Job\ACS\Employee Portal\.venv\Lib\site-packages\sqlparse\filters\output.py first seen with mtime 1737606750.2182405
File C:\Users\DELL\AppData\Local\Programs\Python\Python313\Lib\ipaddress.py first seen with mtime 1733239648.0
File D:\Job\ACS\Employee Portal\.venv\Lib\site-packages\django\utils\timezone.py first seen with mtime 1737606763.6803584
File C:\Users\DELL\AppData\Local\Programs\Python\Python313\Lib\shutil.py first seen with mtime 1733239648.0
File C:\Users\DELL\AppData\Local\Programs\Python\Python313\DLLs\_ctypes.pyd first seen with mtime 1733239692.0
File D:\Job\ACS\Employee Portal\.venv\Lib\site-packages\django\core\cache\backends\base.py first seen with mtime 1737606762.2743886
File D:\Job\ACS\Employee Portal\.venv\Lib\site-packages\django\shortcuts.py first seen with mtime 1737606750.0531106
File D:\Job\ACS\Employee Portal\.venv\Lib\site-packages\django\core\signing.py first seen with mtime 1737606762.246325
File C:\Users\DELL\AppData\Local\Programs\Python\Python313\Lib\email\_encoded_words.py first seen with mtime 1733239648.0
File D:\Job\ACS\Employee Portal\admin_project\admin_panel\admin.py first seen with mtime 1737606810.672868
File C:\Users\DELL\AppData\Local\Programs\Python\Python313\Lib\calendar.py first seen with mtime 1733239648.0
File C:\Users\DELL\AppData\Local\Programs\Python\Python313\DLLs\_socket.pyd first seen with mtime 1733239692.0
File C:\Users\DELL\AppData\Local\Programs\Python\Python313\Lib\encodings\aliases.py first seen with mtime 1733239648.0
File C:\Users\DELL\AppData\Local\Programs\Python\Python313\Lib\logging\config.py first seen with mtime 1733239648.0
File D:\Job\ACS\Employee Portal\.venv\Lib\site-packages\MySQLdb\__init__.py first seen with mtime 1737607516.5799327
File C:\Users\DELL\AppData\Local\Programs\Python\Python313\Lib\socketserver.py first seen with mtime 1733239648.0
File D:\Job\ACS\Employee Portal\.venv\Lib\site-packages\django\utils\http.py first seen with mtime 1737606763.640659
File C:\Users\DELL\AppData\Local\Programs\Python\Python313\Lib\asyncio\coroutines.py first seen with mtime 1733239648.0
File D:\Job\ACS\Employee Portal\.venv\Lib\site-packages\django\core\checks\security\csrf.py first seen with mtime 1737606762.350463
File D:\Job\ACS\Employee Portal\.venv\Lib\site-packages\django\core\files\utils.py first seen with mtime 1737606762.3767264
File C:\Users\DELL\AppData\Local\Programs\Python\Python313\Lib\asyncio\windows_utils.py first seen with mtime 1733239648.0
File D:\Job\ACS\Employee Portal\.venv\Lib\site-packages\django\db\backends\mysql\introspection.py first seen with mtime 1737606762.7305703
File C:\Users\DELL\AppData\Local\Programs\Python\Python313\Lib\asyncio\tasks.py first seen with mtime 1733239648.0
File D:\Job\ACS\Employee Portal\.venv\Lib\site-packages\django\db\models\aggregates.py first seen with mtime 1737606762.9234447
File D:\Job\ACS\Employee Portal\.venv\Lib\site-packages\django\db\models\fields\related.py first seen with mtime 1737606763.0101488
File C:\Users\DELL\AppData\Local\Programs\Python\Python313\Lib\argparse.py first seen with mtime 1733239648.0
File D:\Job\ACS\Employee Portal\.venv\Lib\site-packages\django\contrib\sites\__init__.py first seen with mtime 1737606761.5481305
File C:\Users\DELL\AppData\Local\Programs\Python\Python313\Lib\gzip.py first seen with mtime 1733239648.0
File D:\Job\ACS\Employee Portal\.venv\Lib\site-packages\django\core\checks\compatibility\django_4_0.py first seen with mtime 1737606762.344448
File C:\Users\DELL\AppData\Local\Programs\Python\Python313\Lib\email\mime\text.py first seen with mtime 1733239648.0
File D:\Job\ACS\Employee Portal\.venv\Lib\site-packages\django\middleware\cache.py first seen with mtime 1737606763.3115516
File C:\Users\DELL\AppData\Local\Programs\Python\Python313\Lib\html\entities.py first seen with mtime 1733239648.0
File C:\Users\DELL\AppData\Local\Programs\Python\Python313\Lib\concurrent\futures\__init__.py first seen with mtime 1733239648.0
File C:\Users\DELL\AppData\Local\Programs\Python\Python313\Lib\mimetypes.py first seen with mtime 1733239648.0
File D:\Job\ACS\Employee Portal\.venv\Lib\site-packages\django\utils\dateparse.py first seen with mtime 1737606763.5865493
File D:\Job\ACS\Employee Portal\.venv\Lib\site-packages\django\template\loaders\__init__.py first seen with mtime 1737606763.4371524
File D:\Job\ACS\Employee Portal\.venv\Lib\site-packages\django\core\signals.py first seen with mtime 1737606762.244321
File D:\Job\ACS\Employee Portal\.venv\Lib\site-packages\django\db\models\__init__.py first seen with mtime 1737606762.9214432
File C:\Users\DELL\AppData\Local\Programs\Python\Python313\Lib\reprlib.py first seen with mtime 1733239648.0
File D:\Job\ACS\Employee Portal\.venv\Lib\site-packages\django\utils\_os.py first seen with mtime 1737606763.5256948
File C:\Users\DELL\AppData\Local\Programs\Python\Python313\Lib\importlib\_abc.py first seen with mtime 1733239648.0
File D:\Job\ACS\Employee Portal\.venv\Lib\site-packages\django\db\models\base.py first seen with mtime 1737606762.9321456
File D:\Job\ACS\Employee Portal\.venv\Lib\site-packages\django\urls\resolvers.py first seen with mtime 1737606763.5179784
File C:\Users\DELL\AppData\Local\Programs\Python\Python313\Lib\email\quoprimime.py first seen with mtime 1733239648.0
File D:\Job\ACS\Employee Portal\.venv\Lib\site-packages\django\core\files\uploadhandler.py first seen with mtime 1737606762.3756168
File D:\Job\ACS\Employee Portal\.venv\Lib\site-packages\django\template\loader_tags.py first seen with mtime 1737606763.409945
File D:\Job\ACS\Employee Portal\.venv\Lib\site-packages\django\template\loaders\filesystem.py first seen with mtime 1737606763.4653578
File C:\Users\DELL\AppData\Local\Programs\Python\Python313\Lib\email\mime\nonmultipart.py first seen with mtime 1733239648.0
File D:\Job\ACS\Employee Portal\.venv\Lib\site-packages\django\db\backends\mysql\operations.py first seen with mtime 1737606762.732568
File C:\Users\DELL\AppData\Local\Programs\Python\Python313\Lib\asyncio\windows_events.py first seen with mtime 1733239648.0
File D:\Job\ACS\Employee Portal\.venv\Lib\site-packages\django\contrib\staticfiles\views.py first seen with mtime 1737606762.1954012
File C:\Users\DELL\AppData\Local\Programs\Python\Python313\Lib\keyword.py first seen with mtime 1733239648.0
File C:\Users\DELL\AppData\Local\Programs\Python\Python313\Lib\email\headerregistry.py first seen with mtime 1733239648.0
File C:\Users\DELL\AppData\Local\Programs\Python\Python313\Lib\asyncio\timeouts.py first seen with mtime 1733239648.0
File D:\Job\ACS\Employee Portal\.venv\Lib\site-packages\MySQLdb\constants\FLAG.py first seen with mtime 1737607516.8569489
File D:\Job\ACS\Employee Portal\.venv\Lib\site-packages\django\db\models\sql\__init__.py first seen with mtime 1737606763.0613556
File D:\Job\ACS\Employee Portal\.venv\Lib\site-packages\django\utils\asyncio.py first seen with mtime 1737606763.5276947
File D:\Job\ACS\Employee Portal\.venv\Lib\site-packages\django\contrib\auth\forms.py first seen with mtime 1737606756.5047872
File D:\Job\ACS\Employee Portal\.venv\Lib\site-packages\django\core\files\temp.py first seen with mtime 1737606762.3715022
File C:\Users\DELL\AppData\Local\Programs\Python\Python313\Lib\linecache.py first seen with mtime 1733239648.0
File D:\Job\ACS\Employee Portal\.venv\Lib\site-packages\django\views\decorators\__init__.py first seen with mtime 1737606763.7466533
File D:\Job\ACS\Employee Portal\.venv\Lib\site-packages\django\db\models\query.py first seen with mtime 1737606762.9652288
File D:\Job\ACS\Employee Portal\.venv\Lib\site-packages\django\core\handlers\base.py first seen with mtime 1737606762.407779
File D:\Job\ACS\Employee Portal\.venv\Lib\site-packages\django\urls\exceptions.py first seen with mtime 1737606763.515549
File C:\Users\DELL\AppData\Local\Programs\Python\Python313\Lib\concurrent\futures\_base.py first seen with mtime 1733239648.0
File D:\Job\ACS\Employee Portal\.venv\Lib\site-packages\django\db\backends\base\operations.py first seen with mtime 1737606762.680861
File D:\Job\ACS\Employee Portal\admin_project\admin_panel\urls.py first seen with mtime 1737630473.8217833
File D:\Job\ACS\Employee Portal\.venv\Lib\site-packages\django\urls\utils.py first seen with mtime 1737606763.5213368
File D:\Job\ACS\Employee Portal\.venv\Lib\site-packages\django\core\serializers\base.py first seen with mtime 1737606762.598255
File D:\Job\ACS\Employee Portal\.venv\Lib\site-packages\django\db\models\fields\related_lookups.py first seen with mtime 1737606763.0229514
File D:\Job\ACS\Employee Portal\.venv\Lib\site-packages\django\db\models\functions\__init__.py first seen with mtime 1737606763.0249496
File D:\Job\ACS\Employee Portal\.venv\Lib\site-packages\MySQLdb\times.py first seen with mtime 1737607516.8378875
File D:\Job\ACS\Employee Portal\.venv\Lib\site-packages\django\contrib\messages\constants.py first seen with mtime 1737606759.6922276
File D:\Job\ACS\Employee Portal\.venv\Lib\site-packages\django\db\models\fields\related_descriptors.py first seen with mtime 1737606763.0214674
File D:\Job\ACS\Employee Portal\.venv\Lib\site-packages\django\db\models\sql\subqueries.py first seen with mtime 1737606763.074679
File C:\Users\DELL\AppData\Local\Programs\Python\Python313\Lib\copy.py first seen with mtime 1733239648.0
File C:\Users\DELL\AppData\Local\Programs\Python\Python313\Lib\email\message.py first seen with mtime 1733239648.0
File C:\Users\DELL\AppData\Local\Programs\Python\Python313\Lib\_compression.py first seen with mtime 1733239648.0
File D:\Job\ACS\Employee Portal\.venv\Lib\site-packages\django\db\backends\base\validation.py first seen with mtime 1737606762.6927063
File C:\Users\DELL\AppData\Local\Programs\Python\Python313\Lib\json\__init__.py first seen with mtime 1733239648.0
File C:\Users\DELL\AppData\Local\Programs\Python\Python313\DLLs\_queue.pyd first seen with mtime 1733239692.0
File C:\Users\DELL\AppData\Local\Programs\Python\Python313\DLLs\unicodedata.pyd first seen with mtime 1733239692.0
File D:\Job\ACS\Employee Portal\.venv\Lib\site-packages\django\db\migrations\operations\base.py first seen with mtime 1737606762.899818
File D:\Job\ACS\Employee Portal\.venv\Lib\site-packages\django\core\cache\backends\filebased.py first seen with mtime 1737606762.2794068
File D:\Job\ACS\Employee Portal\.venv\Lib\site-packages\sqlparse\exceptions.py first seen with mtime 1737606750.0911741
File D:\Job\ACS\Employee Portal\.venv\Lib\site-packages\django\db\models\functions\comparison.py first seen with mtime 1737606763.0269506
File C:\Users\DELL\AppData\Local\Programs\Python\Python313\Lib\enum.py first seen with mtime 1733239648.0
File C:\Users\DELL\AppData\Local\Programs\Python\Python313\Lib\wsgiref\simple_server.py first seen with mtime 1733239650.0
File D:\Job\ACS\Employee Portal\.venv\Lib\site-packages\django\core\files\storage\base.py first seen with mtime 1737606762.397782
File D:\Job\ACS\Employee Portal\.venv\Lib\site-packages\django\templatetags\cache.py first seen with mtime 1737606763.4691913
File C:\Users\DELL\AppData\Local\Programs\Python\Python313\Lib\quopri.py first seen with mtime 1733239648.0
File D:\Job\ACS\Employee Portal\.venv\Lib\site-packages\django\utils\numberformat.py first seen with mtime 1737606763.6662614
File D:\Job\ACS\Employee Portal\.venv\Lib\site-packages\sqlparse\formatter.py first seen with mtime 1737606750.0911741
File C:\Users\DELL\AppData\Local\Programs\Python\Python313\Lib\html\parser.py first seen with mtime 1733239648.0
File D:\Job\ACS\Employee Portal\.venv\Lib\site-packages\django\apps\__init__.py first seen with mtime 1737606750.057413
File D:\Job\ACS\Employee Portal\.venv\Lib\site-packages\django\contrib\contenttypes\forms.py first seen with mtime 1737606757.186247
File D:\Job\ACS\Employee Portal\.venv\Lib\site-packages\django\contrib\auth\models.py first seen with mtime 1737606756.5130727
File C:\Users\DELL\AppData\Local\Programs\Python\Python313\Lib\email\_policybase.py first seen with mtime 1733239648.0
File D:\Job\ACS\Employee Portal\.venv\Lib\site-packages\django\contrib\admin\__init__.py first seen with mtime 1737606753.2465746
File D:\Job\ACS\Employee Portal\.venv\Lib\site-packages\django\db\backends\mysql\schema.py first seen with mtime 1737606762.7403111
File D:\Job\ACS\Employee Portal\.venv\Lib\site-packages\django\contrib\admin\checks.py first seen with mtime 1737606753.2535737
File D:\Job\ACS\Employee Portal\.venv\Lib\site-packages\django\templatetags\static.py first seen with mtime 1737606763.472197
File D:\Job\ACS\Employee Portal\.venv\Lib\site-packages\django\views\static.py first seen with mtime 1737606763.7455783
File C:\Users\DELL\AppData\Local\Programs\Python\Python313\Lib\getpass.py first seen with mtime 1733239648.0
File D:\Job\ACS\Employee Portal\.venv\Lib\site-packages\django\contrib\admin\templatetags\base.py first seen with mtime 1737606755.8310406
File D:\Job\ACS\Employee Portal\.venv\Lib\site-packages\django\core\management\base.py first seen with mtime 1737606762.4607742
File C:\Users\DELL\AppData\Local\Programs\Python\Python313\Lib\_colorize.py first seen with mtime 1733239648.0
File C:\Users\DELL\AppData\Local\Programs\Python\Python313\Lib\bisect.py first seen with mtime 1733239648.0
File D:\Job\ACS\Employee Portal\.venv\Lib\site-packages\django\db\models\fields\mixins.py first seen with mtime 1737606762.9965951
File D:\Job\ACS\Employee Portal\.venv\Lib\site-packages\django\core\cache\utils.py first seen with mtime 1737606762.2619357
File D:\Job\ACS\Employee Portal\.venv\Lib\site-packages\django\contrib\admin\views\__init__.py first seen with mtime 1737606755.833041
File C:\Users\DELL\AppData\Local\Programs\Python\Python313\Lib\asyncio\protocols.py first seen with mtime 1733239648.0
File D:\Job\ACS\Employee Portal\.venv\Lib\site-packages\django\db\models\sql\constants.py first seen with mtime 1737606763.067679
File D:\Job\ACS\Employee Portal\.venv\Lib\site-packages\django\apps\config.py first seen with mtime 1737606750.065408
File C:\Users\DELL\AppData\Local\Programs\Python\Python313\DLLs\select.pyd first seen with mtime 1733239692.0
File D:\Job\ACS\Employee Portal\.venv\Lib\site-packages\django\contrib\sessions\backends\__init__.py first seen with mtime 1737606760.9009435
File D:\Job\ACS\Employee Portal\.venv\Lib\site-packages\asgiref\local.py first seen with mtime 1737606749.8267243
File C:\Users\DELL\AppData\Local\Programs\Python\Python313\Lib\asyncio\base_tasks.py first seen with mtime 1733239648.0
File D:\Job\ACS\Employee Portal\.venv\Lib\site-packages\django\forms\fields.py first seen with mtime 1737606763.0976756
File D:\Job\ACS\Employee Portal\.venv\Lib\site-packages\asgiref\current_thread_executor.py first seen with mtime 1737606749.8247235
File C:\Users\DELL\AppData\Local\Programs\Python\Python313\DLLs\_wmi.pyd first seen with mtime 1733239692.0
File D:\Job\ACS\Employee Portal\.venv\Lib\site-packages\django\contrib\staticfiles\management\commands\runserver.py first seen with mtime 1737606762.2155125
File C:\Users\DELL\AppData\Local\Programs\Python\Python313\Lib\_weakrefset.py first seen with mtime 1733239648.0
File D:\Job\ACS\Employee Portal\.venv\Lib\site-packages\django\contrib\auth\admin.py first seen with mtime 1737606756.477428
File D:\Job\ACS\Employee Portal\.venv\Lib\site-packages\django\contrib\admin\views\main.py first seen with mtime 1737606755.8370397
File C:\Users\DELL\AppData\Local\Programs\Python\Python313\Lib\opcode.py first seen with mtime 1733239648.0
File D:\Job\ACS\Employee Portal\.venv\Lib\site-packages\django\contrib\contenttypes\admin.py first seen with mtime 1737606757.1770163
File D:\Job\ACS\Employee Portal\.venv\Lib\site-packages\django\db\backends\base\client.py first seen with mtime 1737606762.665861
File D:\Job\ACS\Employee Portal\.venv\Lib\site-packages\django\core\handlers\__init__.py first seen with mtime 1737606762.4057825
File D:\Job\ACS\Employee Portal\.venv\Lib\site-packages\django\db\models\expressions.py first seen with mtime 1737606762.9504988
File D:\Job\ACS\Employee Portal\.venv\Lib\site-packages\django\http\multipartparser.py first seen with mtime 1737606763.3045535
File C:\Users\DELL\AppData\Local\Programs\Python\Python313\Lib\zoneinfo\_common.py first seen with mtime 1733239650.0
File C:\Users\DELL\AppData\Local\Programs\Python\Python313\Lib\_markupbase.py first seen with mtime 1733239648.0
File D:\Job\ACS\Employee Portal\.venv\Lib\site-packages\django\contrib\messages\storage\base.py first seen with mtime 1737606759.7021534
File D:\Job\ACS\Employee Portal\.venv\Lib\site-packages\django\contrib\staticfiles\checks.py first seen with mtime 1737606762.1758063
File D:\Job\ACS\Employee Portal\.venv\Lib\site-packages\django\views\csrf.py first seen with mtime 1737606763.726576
File C:\Users\DELL\AppData\Local\Programs\Python\Python313\Lib\selectors.py first seen with mtime 1733239648.0
File D:\Job\ACS\Employee Portal\.venv\Lib\site-packages\django\db\migrations\operations\fields.py first seen with mtime 1737606762.9132926
File D:\Job\ACS\Employee Portal\.venv\Lib\site-packages\django\views\generic\dates.py first seen with mtime 1737606763.788362
File C:\Users\DELL\AppData\Local\Programs\Python\Python313\Lib\asyncio\sslproto.py first seen with mtime 1733239648.0
File D:\Job\ACS\Employee Portal\.venv\Lib\site-packages\django\db\models\signals.py first seen with mtime 1737606762.9789758
File C:\Users\DELL\AppData\Local\Programs\Python\Python313\Lib\asyncio\threads.py first seen with mtime 1733239648.0
File C:\Users\DELL\AppData\Local\Programs\Python\Python313\Lib\lzma.py first seen with mtime 1733239648.0
File D:\Job\ACS\Employee Portal\.venv\Lib\site-packages\django\contrib\auth\apps.py first seen with mtime 1737606756.4784315
File C:\Users\DELL\AppData\Local\Programs\Python\Python313\DLLs\_decimal.pyd first seen with mtime 1733239692.0
File C:\Users\DELL\AppData\Local\Programs\Python\Python313\Lib\asyncio\locks.py first seen with mtime 1733239648.0
File D:\Job\ACS\Employee Portal\.venv\Lib\site-packages\django\core\checks\urls.py first seen with mtime 1737606762.3389237
File C:\Users\DELL\AppData\Local\Programs\Python\Python313\Lib\asyncio\transports.py first seen with mtime 1733239648.0
File C:\Users\DELL\AppData\Local\Programs\Python\Python313\Lib\zoneinfo\_tzpath.py first seen with mtime 1733239650.0
File D:\Job\ACS\Employee Portal\.venv\Lib\site-packages\django\core\files\storage\handler.py first seen with mtime 1737606762.4027839
File D:\Job\ACS\Employee Portal\admin_project\admin_panel\views.py first seen with mtime 1737631241.2590024
File C:\Users\DELL\AppData\Local\Programs\Python\Python313\Lib\ast.py first seen with mtime 1733239648.0
File D:\Job\ACS\Employee Portal\.venv\Lib\site-packages\django\utils\decorators.py first seen with mtime 1737606763.5955377
File D:\Job\ACS\Employee Portal\.venv\Lib\site-packages\MySQLdb\release.py first seen with mtime 1737607516.8378875
File C:\Users\DELL\AppData\Local\Programs\Python\Python313\Lib\re\_parser.py first seen with mtime 1733239648.0
File D:\Job\ACS\Employee Portal\.venv\Lib\site-packages\django\views\decorators\cache.py first seen with mtime 1737606763.752656
File D:\Job\ACS\Employee Portal\admin_project\admin_panel\__init__.py first seen with mtime 1737606810.7235973
File D:\Job\ACS\Employee Portal\.venv\Lib\site-packages\django\urls\conf.py first seen with mtime 1737606763.5132809
File D:\Job\ACS\Employee Portal\.venv\Lib\site-packages\django\views\decorators\common.py first seen with mtime 1737606763.753656
File D:\Job\ACS\Employee Portal\.venv\Lib\site-packages\django\utils\inspect.py first seen with mtime 1737606763.6416566
File D:\Job\ACS\Employee Portal\.venv\Lib\site-packages\django\template\library.py first seen with mtime 1737606763.3983738
File D:\Job\ACS\Employee Portal\.venv\Lib\site-packages\django\db\backends\__init__.py first seen with mtime 1737606762.6461987
File C:\Users\DELL\AppData\Local\Programs\Python\Python313\Lib\re\__init__.py first seen with mtime 1733239648.0
File D:\Job\ACS\Employee Portal\.venv\Lib\site-packages\django\db\backends\base\base.py first seen with mtime 1737606762.6648605
File C:\Users\DELL\AppData\Local\Programs\Python\Python313\Lib\pathlib\_abc.py first seen with mtime 1733239648.0
File D:\Job\ACS\Employee Portal\.venv\Lib\site-packages\django\core\serializers\python.py first seen with mtime 1737606762.6078255
File C:\Users\DELL\AppData\Local\Programs\Python\Python313\DLLs\_zoneinfo.pyd first seen with mtime 1733239692.0
File C:\Users\DELL\AppData\Local\Programs\Python\Python313\Lib\email\errors.py first seen with mtime 1733239648.0
File C:\Users\DELL\AppData\Local\Programs\Python\Python313\Lib\hashlib.py first seen with mtime 1733239648.0
File C:\Users\DELL\AppData\Local\Programs\Python\Python313\Lib\tokenize.py first seen with mtime 1733239650.0
File D:\Job\ACS\Employee Portal\.venv\Lib\site-packages\django\db\backends\ddl_references.py first seen with mtime 1737606762.6476738
File D:\Job\ACS\Employee Portal\.venv\Lib\site-packages\django\contrib\admin\actions.py first seen with mtime 1737606753.250576
File D:\Job\ACS\Employee Portal\.venv\Lib\site-packages\django\core\checks\caches.py first seen with mtime 1737606762.3122706
File C:\Users\DELL\AppData\Local\Programs\Python\Python313\Lib\email\base64mime.py first seen with mtime 1733239648.0
File C:\Users\DELL\AppData\Local\Programs\Python\Python313\Lib\urllib\response.py first seen with mtime 1733239650.0
File D:\Job\ACS\Employee Portal\.venv\Lib\site-packages\django\templatetags\tz.py first seen with mtime 1737606763.4731948
File C:\Users\DELL\AppData\Local\Programs\Python\Python313\Lib\hmac.py first seen with mtime 1733239648.0
File C:\Users\DELL\AppData\Local\Programs\Python\Python313\Lib\_opcode_metadata.py first seen with mtime 1733239648.0
File D:\Job\ACS\Employee Portal\.venv\Lib\site-packages\django\core\wsgi.py first seen with mtime 1737606762.2567904
File C:\Users\DELL\AppData\Local\Programs\Python\Python313\Lib\dis.py first seen with mtime 1733239648.0
File D:\Job\ACS\Employee Portal\.venv\Lib\site-packages\django\views\generic\list.py first seen with mtime 1737606763.7970335
File D:\Job\ACS\Employee Portal\.venv\Lib\site-packages\django\contrib\sessions\middleware.py first seen with mtime 1737606760.8898888
File C:\Users\DELL\AppData\Local\Programs\Python\Python313\Lib\encodings\utf_8_sig.py first seen with mtime 1733239648.0
File D:\Job\ACS\Employee Portal\.venv\Lib\site-packages\django\db\models\sql\query.py first seen with mtime 1737606763.073677
File D:\Job\ACS\Employee Portal\.venv\Lib\site-packages\django\contrib\admin\utils.py first seen with mtime 1737606753.2828684
File D:\Job\ACS\Employee Portal\.venv\Lib\site-packages\django\contrib\sessions\base_session.py first seen with mtime 1737606760.8822367
File C:\Users\DELL\AppData\Local\Programs\Python\Python313\Lib\re\_casefix.py first seen with mtime 1733239648.0
File D:\Job\ACS\Employee Portal\.venv\Lib\site-packages\django\core\management\__init__.py first seen with mtime 1737606762.456422
File D:\Job\ACS\Employee Portal\.venv\Lib\site-packages\django\core\files\storage\__init__.py first seen with mtime 1737606762.3947828
File D:\Job\ACS\Employee Portal\.venv\Lib\site-packages\django\template\response.py first seen with mtime 1737606763.41106
File D:\Job\ACS\Employee Portal\.venv\Lib\site-packages\django\views\debug.py first seen with mtime 1737606763.7335777
File D:\Job\ACS\Employee Portal\.venv\Lib\site-packages\django\db\models\functions\mixins.py first seen with mtime 1737606763.0449672
File C:\Users\DELL\AppData\Local\Programs\Python\Python313\Lib\wsgiref\handlers.py first seen with mtime 1733239650.0
File D:\Job\ACS\Employee Portal\.venv\Lib\site-packages\django\views\defaults.py first seen with mtime 1737606763.742579
File D:\Job\ACS\Employee Portal\.venv\Lib\site-packages\django\db\migrations\state.py first seen with mtime 1737606762.8958206
File C:\Users\DELL\AppData\Local\Programs\Python\Python313\Lib\ctypes\wintypes.py first seen with mtime 1733239648.0
File D:\Job\ACS\Employee Portal\.venv\Lib\site-packages\django\views\decorators\csrf.py first seen with mtime 1737606763.7656553
File C:\Users\DELL\AppData\Local\Programs\Python\Python313\Lib\sysconfig\__init__.py first seen with mtime 1733239648.0
File D:\Job\ACS\Employee Portal\.venv\Lib\site-packages\django\db\models\sql\datastructures.py first seen with mtime 1737606763.0686786
File C:\Users\DELL\AppData\Local\Programs\Python\Python313\Lib\signal.py first seen with mtime 1733239648.0
File D:\Job\ACS\Employee Portal\.venv\Lib\site-packages\django\forms\utils.py first seen with mtime 1737606763.1066797
File C:\Users\DELL\AppData\Local\Programs\Python\Python313\Lib\_compat_pickle.py first seen with mtime 1733239648.0
File C:\Users\DELL\AppData\Local\Programs\Python\Python313\Lib\asyncio\streams.py first seen with mtime 1733239648.0
File D:\Job\ACS\Employee Portal\.venv\Lib\site-packages\django\db\migrations\utils.py first seen with mtime 1737606762.8968203
File D:\Job\ACS\Employee Portal\.venv\Lib\site-packages\django\db\models\fields\generated.py first seen with mtime 1737606762.9915943
File D:\Job\ACS\Employee Portal\.venv\Lib\site-packages\sqlparse\filters\others.py first seen with mtime 1737606750.2023208
File D:\Job\ACS\Employee Portal\.venv\Lib\site-packages\django\db\models\enums.py first seen with mtime 1737606762.9464996
File C:\Users\DELL\AppData\Local\Programs\Python\Python313\Lib\platform.py first seen with mtime 1733239648.0
File D:\Job\ACS\Employee Portal\.venv\Lib\site-packages\django\core\files\storage\filesystem.py first seen with mtime 1737606762.401783
File C:\Users\DELL\AppData\Local\Programs\Python\Python313\Lib\numbers.py first seen with mtime 1733239648.0
File C:\Users\DELL\AppData\Local\Programs\Python\Python313\Lib\email\iterators.py first seen with mtime 1733239648.0
File C:\Users\DELL\AppData\Local\Programs\Python\Python313\Lib\tempfile.py first seen with mtime 1733239648.0
File C:\Users\DELL\AppData\Local\Programs\Python\Python313\Lib\pprint.py first seen with mtime 1733239648.0
File D:\Job\ACS\Employee Portal\.venv\Lib\site-packages\django\db\backends\base\creation.py first seen with mtime 1737606762.6728628
File C:\Users\DELL\AppData\Local\Programs\Python\Python313\Lib\socket.py first seen with mtime 1733239648.0
File C:\Users\DELL\AppData\Local\Programs\Python\Python313\Lib\ctypes\__init__.py first seen with mtime 1733239648.0
File C:\Users\DELL\AppData\Local\Programs\Python\Python313\Lib\asyncio\runners.py first seen with mtime 1733239648.0
File D:\Job\ACS\Employee Portal\.venv\Lib\site-packages\django\db\backends\base\__init__.py first seen with mtime 1737606762.663861
File D:\Job\ACS\Employee Portal\.venv\Lib\site-packages\django\utils\version.py first seen with mtime 1737606763.7027
File D:\Job\ACS\Employee Portal\.venv\Lib\site-packages\sqlparse\cli.py first seen with mtime 1737606750.0901742
File C:\Users\DELL\AppData\Local\Programs\Python\Python313\DLLs\_bz2.pyd first seen with mtime 1733239692.0
File D:\Job\ACS\Employee Portal\.venv\Lib\site-packages\django\http\request.py first seen with mtime 1737606763.3065524
File D:\Job\ACS\Employee Portal\.venv\Lib\site-packages\MySQLdb\constants\__init__.py first seen with mtime 1737607516.8579495
File D:\Job\ACS\Employee Portal\.venv\Lib\site-packages\django\forms\boundfield.py first seen with mtime 1737606763.092675
File D:\Job\ACS\Employee Portal\.venv\Lib\site-packages\sqlparse\utils.py first seen with mtime 1737606750.1786294
File D:\Job\ACS\Employee Portal\.venv\Lib\site-packages\django\core\management\color.py first seen with mtime 1737606762.4657748
File D:\Job\ACS\Employee Portal\.venv\Lib\site-packages\django\contrib\admin\templatetags\log.py first seen with mtime 1737606755.8320396
File C:\Users\DELL\AppData\Local\Programs\Python\Python313\Lib\urllib\request.py first seen with mtime 1733239650.0
File D:\Job\ACS\Employee Portal\.venv\Lib\site-packages\django\utils\regex_helper.py first seen with mtime 1737606763.6692617
File C:\Users\DELL\AppData\Local\Programs\Python\Python313\Lib\re\_compiler.py first seen with mtime 1733239648.0
File D:\Job\ACS\Employee Portal\.venv\Lib\site-packages\django\contrib\sessions\__init__.py first seen with mtime 1737606760.8810139
File C:\Users\DELL\AppData\Local\Programs\Python\Python313\Lib\dataclasses.py first seen with mtime 1733239648.0
File D:\Job\ACS\Employee Portal\.venv\Lib\site-packages\sqlparse\keywords.py first seen with mtime 1737606750.0923445
File D:\Job\ACS\Employee Portal\.venv\Lib\site-packages\sqlparse\filters\right_margin.py first seen with mtime 1737606750.2212412
File D:\Job\ACS\Employee Portal\.venv\Lib\site-packages\django\contrib\auth\base_user.py first seen with mtime 1737606756.4807622
File D:\Job\ACS\Employee Portal\.venv\Lib\site-packages\django\utils\crypto.py first seen with mtime 1737606763.559713
File C:\Users\DELL\AppData\Local\Programs\Python\Python313\Lib\copyreg.py first seen with mtime 1733239648.0
File D:\Job\ACS\Employee Portal\.venv\Lib\site-packages\django\contrib\sessions\apps.py first seen with mtime 1737606760.8822367
File C:\Users\DELL\AppData\Local\Programs\Python\Python313\Lib\asyncio\taskgroups.py first seen with mtime 1733239648.0
File D:\Job\ACS\Employee Portal\.venv\Lib\site-packages\MySQLdb\_mysql.cp313-win_amd64.pyd first seen with mtime 1737607516.8279543
File C:\Users\DELL\AppData\Local\Programs\Python\Python313\Lib\struct.py first seen with mtime 1733239648.0
File D:\Job\ACS\Employee Portal\.venv\Lib\site-packages\django\utils\lorem_ipsum.py first seen with mtime 1737606763.6506572
File C:\Users\DELL\AppData\Local\Programs\Python\Python313\Lib\datetime.py first seen with mtime 1733239648.0
File D:\Job\ACS\Employee Portal\.venv\Lib\site-packages\django\contrib\contenttypes\fields.py first seen with mtime 1737606757.186247
File D:\Job\ACS\Employee Portal\.venv\Lib\site-packages\django\contrib\staticfiles\finders.py first seen with mtime 1737606762.1788204
File D:\Job\ACS\Employee Portal\.venv\Lib\site-packages\django\contrib\__init__.py first seen with mtime 1737606753.2395802
File C:\Users\DELL\AppData\Local\Programs\Python\Python313\Lib\asyncio\base_futures.py first seen with mtime 1733239648.0
File D:\Job\ACS\Employee Portal\.venv\Lib\site-packages\django\core\mail\utils.py first seen with mtime 1737606762.4261608
File D:\Job\ACS\Employee Portal\.venv\Lib\site-packages\django\db\models\fields\files.py first seen with mtime 1737606762.9905932
File C:\Users\DELL\AppData\Local\Programs\Python\Python313\Lib\asyncio\base_events.py first seen with mtime 1733239648.0
File D:\Job\ACS\Employee Portal\.venv\Lib\site-packages\asgiref\__init__.py first seen with mtime 1737606749.8217254
File D:\Job\ACS\Employee Portal\.venv\Lib\site-packages\django\utils\functional.py first seen with mtime 1737606763.621657
File D:\Job\ACS\Employee Portal\.venv\Lib\site-packages\django\template\base.py first seen with mtime 1737606763.3653517
File C:\Users\DELL\AppData\Local\Programs\Python\Python313\Lib\decimal.py first seen with mtime 1733239648.0
File D:\Job\ACS\Employee Portal\.venv\Lib\site-packages\django\contrib\auth\decorators.py first seen with mtime 1737606756.4922085
File C:\Users\DELL\AppData\Local\Programs\Python\Python313\Lib\asyncio\queues.py first seen with mtime 1733239648.0
File D:\Job\ACS\Employee Portal\.venv\Lib\site-packages\django\core\files\images.py first seen with mtime 1737606762.3615
File D:\Job\ACS\Employee Portal\.venv\Lib\site-packages\django\contrib\admin\exceptions.py first seen with mtime 1737606753.2565763
File D:\Job\ACS\Employee Portal\.venv\Lib\site-packages\django\core\checks\files.py first seen with mtime 1737606762.3132677
File C:\Users\DELL\AppData\Local\Programs\Python\Python313\Lib\typing.py first seen with mtime 1733239650.0
File D:\Job\ACS\Employee Portal\.venv\Lib\site-packages\MySQLdb\converters.py first seen with mtime 1737607516.8313887
File D:\Job\ACS\Employee Portal\admin_project\admin_project\settings.py first seen with mtime 1737631671.9271474
File D:\Job\ACS\Employee Portal\.venv\Lib\site-packages\django\views\generic\edit.py first seen with mtime 1737606763.7960322
File D:\Job\ACS\Employee Portal\.venv\Lib\site-packages\django\utils\tree.py first seen with mtime 1737606763.694504
File C:\Users\DELL\AppData\Local\Programs\Python\Python313\Lib\asyncio\mixins.py first seen with mtime 1733239648.0
File D:\Job\ACS\Employee Portal\.venv\Lib\site-packages\django\core\serializers\__init__.py first seen with mtime 1737606762.5961156
File D:\Job\ACS\Employee Portal\.venv\Lib\site-packages\django\contrib\messages\apps.py first seen with mtime 1737606759.6912289
File D:\Job\ACS\Employee Portal\.venv\Lib\site-packages\sqlparse\filters\aligned_indent.py first seen with mtime 1737606750.201321
File D:\Job\ACS\Employee Portal\.venv\Lib\site-packages\django\views\generic\__init__.py first seen with mtime 1737606763.7808063
File D:\Job\ACS\Employee Portal\.venv\Lib\site-packages\django\core\mail\message.py first seen with mtime 1737606762.42416
File D:\Job\ACS\Employee Portal\.venv\Lib\site-packages\sqlparse\tokens.py first seen with mtime 1737606750.1756124
File D:\Job\ACS\Employee Portal\.venv\Lib\site-packages\django\utils\formats.py first seen with mtime 1737606763.620659
File D:\Job\ACS\Employee Portal\.venv\Lib\site-packages\django\template\autoreload.py first seen with mtime 1737606763.3631678
File D:\Job\ACS\Employee Portal\.venv\Lib\site-packages\django\core\checks\templates.py first seen with mtime 1737606762.3338976
File D:\Job\ACS\Employee Portal\.venv\Lib\site-packages\django\core\exceptions.py first seen with mtime 1737606762.2403216
File D:\Job\ACS\Employee Portal\.venv\Lib\site-packages\django\contrib\messages\__init__.py first seen with mtime 1737606759.6862302
File C:\Users\DELL\AppData\Local\Programs\Python\Python313\Lib\asyncio\trsock.py first seen with mtime 1733239648.0
File D:\Job\ACS\Employee Portal\.venv\Lib\site-packages\django\http\response.py first seen with mtime 1737606763.3085556
File D:\Job\ACS\Employee Portal\.venv\Lib\site-packages\django\template\smartif.py first seen with mtime 1737606763.41106
File D:\Job\ACS\Employee Portal\.venv\Lib\site-packages\django\utils\ipv6.py first seen with mtime 1737606763.6426604
File D:\Job\ACS\Employee Portal\.venv\Lib\site-packages\django\db\backends\mysql\client.py first seen with mtime 1737606762.7155483
File D:\Job\ACS\Employee Portal\.venv\Lib\site-packages\django\template\backends\base.py first seen with mtime 1737606763.421151
File C:\Users\DELL\AppData\Local\Programs\Python\Python313\Lib\secrets.py first seen with mtime 1733239648.0
File D:\Job\ACS\Employee Portal\.venv\Lib\site-packages\django\forms\renderers.py first seen with mtime 1737606763.1051981
File C:\Users\DELL\AppData\Local\Programs\Python\Python313\Lib\pathlib\__init__.py first seen with mtime 1733239648.0
File C:\Users\DELL\AppData\Local\Programs\Python\Python313\Lib\types.py first seen with mtime 1733239650.0
File D:\Job\ACS\Employee Portal\.venv\Lib\site-packages\django\core\management\commands\__init__.py first seen with mtime 1737606762.4893847
File D:\Job\ACS\Employee Portal\.venv\Lib\site-packages\sqlparse\lexer.py first seen with mtime 1737606750.0933444
File C:\Users\DELL\AppData\Local\Programs\Python\Python313\Lib\heapq.py first seen with mtime 1733239648.0
File C:\Users\DELL\AppData\Local\Programs\Python\Python313\Lib\subprocess.py first seen with mtime 1733239648.0
File C:\Users\DELL\AppData\Local\Programs\Python\Python313\Lib\importlib\__init__.py first seen with mtime 1733239648.0
File C:\Users\DELL\AppData\Local\Programs\Python\Python313\Lib\wsgiref\headers.py first seen with mtime 1733239650.0
File C:\Users\DELL\AppData\Local\Programs\Python\Python313\Lib\zoneinfo\__init__.py first seen with mtime 1733239650.0
File C:\Users\DELL\AppData\Local\Programs\Python\Python313\Lib\asyncio\events.py first seen with mtime 1733239648.0
File C:\Users\DELL\AppData\Local\Programs\Python\Python313\Lib\token.py first seen with mtime 1733239650.0
File D:\Job\ACS\Employee Portal\.venv\Lib\site-packages\django\contrib\auth\views.py first seen with mtime 1737606756.5285764
File C:\Users\DELL\AppData\Local\Programs\Python\Python313\Lib\asyncio\base_subprocess.py first seen with mtime 1733239648.0
File D:\Job\ACS\Employee Portal\.venv\Lib\site-packages\django\core\checks\compatibility\__init__.py first seen with mtime 1737606762.3434505
File D:\Job\ACS\Employee Portal\.venv\Lib\site-packages\django\contrib\auth\management\__init__.py first seen with mtime 1737606757.1194587
File C:\Users\DELL\AppData\Local\Programs\Python\Python313\Lib\email\mime\message.py first seen with mtime 1733239648.0
File D:\Job\ACS\Employee Portal\.venv\Lib\site-packages\django\contrib\contenttypes\views.py first seen with mtime 1737606757.1952908
File D:\Job\ACS\Employee Portal\.venv\Lib\site-packages\django\views\generic\detail.py first seen with mtime 1737606763.790453
File D:\Job\ACS\Employee Portal\.venv\Lib\site-packages\django\conf\global_settings.py first seen with mtime 1737606750.1450837
File D:\Job\ACS\Employee Portal\.venv\Lib\site-packages\django\db\migrations\operations\models.py first seen with mtime 1737606762.9190915
File D:\Job\ACS\Employee Portal\.venv\Lib\site-packages\django\utils\deconstruct.py first seen with mtime 1737606763.588536
File C:\Users\DELL\AppData\Local\Programs\Python\Python313\Lib\gettext.py first seen with mtime 1733239648.0
File D:\Job\ACS\Employee Portal\.venv\Lib\site-packages\django\core\__init__.py first seen with mtime 1737606762.2234123
File D:\Job\ACS\Employee Portal\.venv\Lib\site-packages\django\contrib\admin\templatetags\admin_modify.py first seen with mtime 1737606755.827042
File C:\Users\DELL\AppData\Local\Programs\Python\Python313\Lib\pkgutil.py first seen with mtime 1733239648.0
File C:\Users\DELL\AppData\Local\Programs\Python\Python313\Lib\email\utils.py first seen with mtime 1733239648.0
File D:\Job\ACS\Employee Portal\.venv\Lib\site-packages\django\db\models\indexes.py first seen with mtime 1737606762.953971
File D:\Job\ACS\Employee Portal\.venv\Lib\site-packages\django\contrib\messages\middleware.py first seen with mtime 1737606759.6977289
File D:\Job\ACS\Employee Portal\.venv\Lib\site-packages\django\utils\connection.py first seen with mtime 1737606763.558713
File D:\Job\ACS\Employee Portal\.venv\Lib\site-packages\django\contrib\auth\__init__.py first seen with mtime 1737606756.4714322
File D:\Job\ACS\Employee Portal\.venv\Lib\site-packages\django\views\generic\base.py first seen with mtime 1737606763.7818048
File C:\Users\DELL\AppData\Local\Programs\Python\Python313\Lib\glob.py first seen with mtime 1733239648.0
File C:\Users\DELL\AppData\Local\Programs\Python\Python313\Lib\ssl.py first seen with mtime 1733239648.0
File D:\Job\ACS\Employee Portal\.venv\Lib\site-packages\django\db\__init__.py first seen with mtime 1737606762.6328788
File D:\Job\ACS\Employee Portal\.venv\Lib\site-packages\MySQLdb\constants\CLIENT.py first seen with mtime 1737607516.8389487
File C:\Users\DELL\AppData\Local\Programs\Python\Python313\Lib\asyncio\log.py first seen with mtime 1733239648.0
File C:\Users\DELL\AppData\Local\Programs\Python\Python313\Lib\nturl2path.py first seen with mtime 1733239648.0
File C:\Users\DELL\AppData\Local\Programs\Python\Python313\Lib\encodings\utf_8.py first seen with mtime 1733239648.0
File D:\Job\ACS\Employee Portal\.venv\Lib\site-packages\django\db\models\deletion.py first seen with mtime 1737606762.9434967
File D:\Job\ACS\Employee Portal\.venv\Lib\site-packages\django\forms\formsets.py first seen with mtime 1737606763.1010156
File D:\Job\ACS\Employee Portal\.venv\Lib\site-packages\django\db\models\functions\text.py first seen with mtime 1737606763.048968
File D:\Job\ACS\Employee Portal\.venv\Lib\site-packages\sqlparse\filters\__init__.py first seen with mtime 1737606750.1993213
File D:\Job\ACS\Employee Portal\.venv\Lib\site-packages\django\db\backends\mysql\__init__.py first seen with mtime 1737606762.7095475
File D:\Job\ACS\Employee Portal\.venv\Lib\site-packages\django\utils\translation\__init__.py first seen with mtime 1737606763.7056947
File D:\Job\ACS\Employee Portal\.venv\Lib\site-packages\django\contrib\sessions\exceptions.py first seen with mtime 1737606760.886876
File C:\Users\DELL\AppData\Local\Programs\Python\Python313\Lib\pathlib\_local.py first seen with mtime 1733239648.0
File D:\Job\ACS\Employee Portal\.venv\Lib\site-packages\django\db\backends\base\introspection.py first seen with mtime 1737606762.6798623
File C:\Users\DELL\AppData\Local\Programs\Python\Python313\Lib\fnmatch.py first seen with mtime 1733239648.0
File C:\Users\DELL\AppData\Local\Programs\Python\Python313\Lib\email\policy.py first seen with mtime 1733239648.0
File D:\Job\ACS\Employee Portal\.venv\Lib\site-packages\django\db\models\functions\math.py first seen with mtime 1737606763.0389705
File C:\Users\DELL\AppData\Local\Programs\Python\Python313\Lib\weakref.py first seen with mtime 1733239650.0
File D:\Job\ACS\Employee Portal\.venv\Lib\site-packages\django\templatetags\i18n.py first seen with mtime 1737606763.4701948
File D:\Job\ACS\Employee Portal\.venv\Lib\site-packages\django\contrib\staticfiles\utils.py first seen with mtime 1737606762.194396
File D:\Job\ACS\Employee Portal\.venv\Lib\site-packages\django\db\backends\mysql\validation.py first seen with mtime 1737606762.7453127
File D:\Job\ACS\Employee Portal\.venv\Lib\site-packages\django\contrib\auth\password_validation.py first seen with mtime 1737606756.5161402
File D:\Job\ACS\Employee Portal\.venv\Lib\site-packages\django\db\backends\mysql\features.py first seen with mtime 1737606762.7295716
File D:\Job\ACS\Employee Portal\.venv\Lib\site-packages\django\contrib\sites\shortcuts.py first seen with mtime 1737606761.5796053
File C:\Users\DELL\AppData\Local\Programs\Python\Python313\Lib\concurrent\__init__.py first seen with mtime 1733239648.0
File C:\Users\DELL\AppData\Local\Programs\Python\Python313\Lib\asyncio\subprocess.py first seen with mtime 1733239648.0
File C:\Users\DELL\AppData\Local\Programs\Python\Python313\Lib\difflib.py first seen with mtime 1733239648.0
File D:\Job\ACS\Employee Portal\.venv\Lib\site-packages\django\db\backends\mysql\base.py first seen with mtime 1737606762.7135484
File C:\Users\DELL\AppData\Local\Programs\Python\Python313\Lib\pickle.py first seen with mtime 1733239648.0
File D:\Job\ACS\Employee Portal\.venv\Lib\site-packages\django\utils\hashable.py first seen with mtime 1737606763.6336591
File C:\Users\DELL\AppData\Local\Programs\Python\Python313\Lib\asyncio\selector_events.py first seen with mtime 1733239648.0
File D:\Job\ACS\Employee Portal\.venv\Lib\site-packages\django\db\backends\mysql\creation.py first seen with mtime 1737606762.72557
File D:\Job\ACS\Employee Portal\.venv\Lib\site-packages\django\core\files\base.py first seen with mtime 1737606762.36045
File D:\Job\ACS\Employee Portal\.venv\Lib\site-packages\django\utils\translation\reloader.py first seen with mtime 1737606763.706991
File D:\Job\ACS\Employee Portal\.venv\Lib\site-packages\django\db\migrations\migration.py first seen with mtime 1737606762.8731024
File D:\Job\ACS\Employee Portal\.venv\Lib\site-packages\django\contrib\admin\templatetags\admin_list.py first seen with mtime 1737606755.8210406
File D:\Job\ACS\Employee Portal\.venv\Lib\site-packages\django\middleware\csrf.py first seen with mtime 1737606763.324618
File D:\Job\ACS\Employee Portal\.venv\Lib\site-packages\django\utils\autoreload.py first seen with mtime 1737606763.5395322
File D:\Job\ACS\Employee Portal\.venv\Lib\site-packages\django\core\files\move.py first seen with mtime 1737606762.366501
File D:\Job\ACS\Employee Portal\.venv\Lib\site-packages\django\contrib\sessions\models.py first seen with mtime 1737606760.8908849
File D:\Job\ACS\Employee Portal\.venv\Lib\site-packages\django\utils\dates.py first seen with mtime 1737606763.5875351
File D:\Job\ACS\Employee Portal\.venv\Lib\site-packages\django\db\models\manager.py first seen with mtime 1737606762.959957
File D:\Job\ACS\Employee Portal\.venv\Lib\site-packages\django\views\decorators\debug.py first seen with mtime 1737606763.7696543
File D:\Job\ACS\Employee Portal\.venv\Lib\site-packages\django\db\utils.py first seen with mtime 1737606762.6432016
File D:\Job\ACS\Employee Portal\.venv\Lib\site-packages\django\dispatch\__init__.py first seen with mtime 1737606763.0766788
File D:\Job\ACS\Employee Portal\.venv\Lib\site-packages\sqlparse\engine\filter_stack.py first seen with mtime 1737606750.1920304
File D:\Job\ACS\Employee Portal\.venv\Lib\site-packages\django\db\models\fields\__init__.py first seen with mtime 1737606762.989595
File C:\Users\DELL\AppData\Local\Programs\Python\Python313\DLLs\_asyncio.pyd first seen with mtime 1733239692.0
File D:\Job\ACS\Employee Portal\admin_project\manage.py first seen with mtime 1737606779.675551
File C:\Users\DELL\AppData\Local\Programs\Python\Python313\Lib\wsgiref\__init__.py first seen with mtime 1733239650.0
File C:\Users\DELL\AppData\Local\Programs\Python\Python313\Lib\functools.py first seen with mtime 1733239648.0
File C:\Users\DELL\AppData\Local\Programs\Python\Python313\Lib\operator.py first seen with mtime 1733239648.0
File C:\Users\DELL\AppData\Local\Programs\Python\Python313\Lib\graphlib.py first seen with mtime 1733239648.0
File D:\Job\ACS\Employee Portal\admin_project\admin_project\urls.py first seen with mtime 1737607902.91759
File D:\Job\ACS\Employee Portal\.venv\Lib\site-packages\django\core\management\commands\runserver.py first seen with mtime 1737606762.5383036
File D:\Job\ACS\Employee Portal\.venv\Lib\site-packages\django\contrib\contenttypes\management\__init__.py first seen with mtime 1737606757.7322242
File D:\Job\ACS\Employee Portal\.venv\Lib\site-packages\django\conf\__init__.py first seen with mtime 1737606750.0714118
File C:\Users\DELL\AppData\Local\Programs\Python\Python313\Lib\json\decoder.py first seen with mtime 1733239648.0
File D:\Job\ACS\Employee Portal\.venv\Lib\site-packages\django\utils\timesince.py first seen with mtime 1737606763.6753585
File D:\Job\ACS\Employee Portal\.venv\Lib\site-packages\django\contrib\contenttypes\__init__.py first seen with mtime 1737606757.1730134
File D:\Job\ACS\Employee Portal\.venv\Lib\site-packages\django\core\checks\registry.py first seen with mtime 1737606762.330896
File D:\Job\ACS\Employee Portal\.venv\Lib\site-packages\django\template\loader.py first seen with mtime 1737606763.4079463
File D:\Job\ACS\Employee Portal\.venv\Lib\site-packages\django\contrib\admin\templatetags\admin_urls.py first seen with mtime 1737606755.8280413
File D:\Job\ACS\Employee Portal\.venv\Lib\site-packages\django\core\checks\__init__.py first seen with mtime 1737606762.3092666
File D:\Job\ACS\Employee Portal\.venv\Lib\site-packages\django\template\backends\__init__.py first seen with mtime 1737606763.413064
File D:\Job\ACS\Employee Portal\.venv\Lib\site-packages\django\template\defaultfilters.py first seen with mtime 1737606763.373599
File D:\Job\ACS\Employee Portal\.venv\Lib\site-packages\django\core\cache\backends\__init__.py first seen with mtime 1737606762.262939
File C:\Users\DELL\AppData\Local\Programs\Python\Python313\Lib\re\_constants.py first seen with mtime 1733239648.0
File D:\Job\ACS\Employee Portal\.venv\Lib\site-packages\sqlparse\engine\statement_splitter.py first seen with mtime 1737606750.197184
File C:\Users\DELL\AppData\Local\Programs\Python\Python313\Lib\queue.py first seen with mtime 1733239648.0
File D:\Job\ACS\Employee Portal\.venv\Lib\site-packages\django\core\files\uploadedfile.py first seen with mtime 1737606762.3756168
File D:\Job\ACS\Employee Portal\.venv\Lib\site-packages\django\contrib\auth\checks.py first seen with mtime 1737606756.481759
File D:\Job\ACS\Employee Portal\.venv\Lib\site-packages\django\templatetags\l10n.py first seen with mtime 1737606763.472197
File C:\Users\DELL\AppData\Local\Programs\Python\Python313\Lib\encodings\cp1252.py first seen with mtime 1733239648.0
File D:\Job\ACS\Employee Portal\.venv\Lib\site-packages\django\utils\cache.py first seen with mtime 1737606763.5445347
File C:\Users\DELL\AppData\Local\Programs\Python\Python313\DLLs\_hashlib.pyd first seen with mtime 1733239692.0
File D:\Job\ACS\Employee Portal\.venv\Lib\site-packages\django\core\mail\__init__.py first seen with mtime 1737606762.4210396
File C:\Users\DELL\AppData\Local\Programs\Python\Python313\Lib\http\client.py first seen with mtime 1733239648.0
File D:\Job\ACS\Employee Portal\.venv\Lib\site-packages\django\db\transaction.py first seen with mtime 1737606762.6348784
File D:\Job\ACS\Employee Portal\.venv\Lib\site-packages\django\contrib\contenttypes\apps.py first seen with mtime 1737606757.1821406
File C:\Users\DELL\AppData\Local\Programs\Python\Python313\Lib\email\header.py first seen with mtime 1733239648.0
File D:\Job\ACS\Employee Portal\.venv\Lib\site-packages\django\apps\registry.py first seen with mtime 1737606750.0674093
File D:\Job\ACS\Employee Portal\.venv\Lib\site-packages\django\utils\deprecation.py first seen with mtime 1737606763.605539
File D:\Job\ACS\Employee Portal\.venv\Lib\site-packages\django\template\context.py first seen with mtime 1737606763.3676026
File D:\Job\ACS\Employee Portal\.venv\Lib\site-packages\django\core\files\locks.py first seen with mtime 1737606762.362501
File D:\Job\ACS\Employee Portal\.venv\Lib\site-packages\django\contrib\admin\options.py first seen with mtime 1737606753.2755756
File C:\Users\DELL\AppData\Local\Programs\Python\Python313\DLLs\_ssl.pyd first seen with mtime 1733239692.0
File D:\Job\ACS\Employee Portal\.venv\Lib\site-packages\django\template\exceptions.py first seen with mtime 1737606763.395904
File D:\Job\ACS\Employee Portal\.venv\Lib\site-packages\django\db\backends\utils.py first seen with mtime 1737606762.6618648
File D:\Job\ACS\Employee Portal\.venv\Lib\site-packages\django\utils\html.py first seen with mtime 1737606763.6396582
File D:\Job\ACS\Employee Portal\.venv\Lib\site-packages\_virtualenv.py first seen with mtime 1737606385.5776858
File D:\Job\ACS\Employee Portal\.venv\Lib\site-packages\sqlparse\sql.py first seen with mtime 1737606750.1736104
File D:\Job\ACS\Employee Portal\.venv\Lib\site-packages\django\__init__.py first seen with mtime 1737606750.0521147
File D:\Job\ACS\Employee Portal\admin_project\admin_panel\apps.py first seen with mtime 1737606810.686286
File C:\Users\DELL\AppData\Local\Programs\Python\Python313\Lib\ctypes\_endian.py first seen with mtime 1733239648.0
File D:\Job\ACS\Employee Portal\.venv\Lib\site-packages\django\core\checks\async_checks.py first seen with mtime 1737606762.3112676
File D:\Job\ACS\Employee Portal\.venv\Lib\site-packages\django\contrib\admin\filters.py first seen with mtime 1737606753.2595744
File D:\Job\ACS\Employee Portal\.venv\Lib\site-packages\django\core\servers\basehttp.py first seen with mtime 1737606762.6277945
File D:\Job\ACS\Employee Portal\.venv\Lib\site-packages\django\db\models\constants.py first seen with mtime 1737606762.9331455
File C:\Users\DELL\AppData\Local\Programs\Python\Python313\Lib\email\mime\__init__.py first seen with mtime 1733239648.0
File D:\Job\ACS\Employee Portal\.venv\Lib\site-packages\django\core\checks\database.py first seen with mtime 1737606762.3122706
File D:\Job\ACS\Employee Portal\.venv\Lib\site-packages\django\views\i18n.py first seen with mtime 1737606763.7445767
File D:\Job\ACS\Employee Portal\admin_project\admin_project\__init__.py first seen with mtime 1737606922.699784
File D:\Job\ACS\Employee Portal\.venv\Lib\site-packages\django\contrib\admin\widgets.py first seen with mtime 1737606753.2848694
File D:\Job\ACS\Employee Portal\.venv\Lib\site-packages\sqlparse\filters\tokens.py first seen with mtime 1737606750.2232409
File D:\Job\ACS\Employee Portal\.venv\Lib\site-packages\django\urls\__init__.py first seen with mtime 1737606763.5120192
File D:\Job\ACS\Employee Portal\.venv\Lib\site-packages\django\core\checks\translation.py first seen with mtime 1737606762.3368976
File C:\Users\DELL\AppData\Local\Programs\Python\Python313\Lib\logging\handlers.py first seen with mtime 1733239648.0
File D:\Job\ACS\Employee Portal\.venv\Lib\site-packages\django\core\checks\model_checks.py first seen with mtime 1737606762.3298967
File C:\Users\DELL\AppData\Local\Programs\Python\Python313\DLLs\_uuid.pyd first seen with mtime 1733239692.0
File C:\Users\DELL\AppData\Local\Programs\Python\Python313\Lib\asyncio\exceptions.py first seen with mtime 1733239648.0
File D:\Job\ACS\Employee Portal\.venv\Lib\site-packages\django\db\backends\signals.py first seen with mtime 1737606762.6501527
File D:\Job\ACS\Employee Portal\.venv\Lib\site-packages\django\conf\urls\__init__.py first seen with mtime 1737606753.230401
File D:\Job\ACS\Employee Portal\.venv\Lib\site-packages\django\contrib\admin\apps.py first seen with mtime 1737606753.251575
File D:\Job\ACS\Employee Portal\.venv\Lib\site-packages\django\db\models\constraints.py first seen with mtime 1737606762.9424977
File D:\Job\ACS\Employee Portal\.venv\Lib\site-packages\django\contrib\auth\tokens.py first seen with mtime 1737606756.5171382
File D:\Job\ACS\Employee Portal\.venv\Lib\site-packages\django\utils\choices.py first seen with mtime 1737606763.551717
File D:\Job\ACS\Employee Portal\.venv\Lib\site-packages\django\template\defaulttags.py first seen with mtime 1737606763.3900254
File C:\Users\DELL\AppData\Local\Programs\Python\Python313\Lib\urllib\error.py first seen with mtime 1733239650.0
File D:\Job\ACS\Employee Portal\.venv\Lib\site-packages\django\core\checks\security\base.py first seen with mtime 1737606762.3464491
File C:\Users\DELL\AppData\Local\Programs\Python\Python313\Lib\email\generator.py first seen with mtime 1733239648.0
File D:\Job\ACS\Employee Portal\.venv\Lib\site-packages\django\db\models\fields\proxy.py first seen with mtime 1737606763.004148
File D:\Job\ACS\Employee Portal\.venv\Lib\site-packages\django\middleware\clickjacking.py first seen with mtime 1737606763.3125525
File D:\Job\ACS\Employee Portal\.venv\Lib\site-packages\django\template\engine.py first seen with mtime 1737606763.3918638
File C:\Users\DELL\AppData\Local\Programs\Python\Python313\DLLs\_lzma.pyd first seen with mtime 1733239692.0
File D:\Job\ACS\Employee Portal\.venv\Lib\site-packages\django\utils\log.py first seen with mtime 1737606763.6456583
File D:\Job\ACS\Employee Portal\.venv\Lib\site-packages\django\contrib\admin\sites.py first seen with mtime 1737606753.2808683
File C:\Users\DELL\AppData\Local\Programs\Python\Python313\Lib\contextlib.py first seen with mtime 1733239648.0
File D:\Job\ACS\Employee Portal\.venv\Lib\site-packages\MySQLdb\_exceptions.py first seen with mtime 1737607516.5814245
File D:\Job\ACS\Employee Portal\.venv\Lib\site-packages\django\conf\locale\__init__.py first seen with mtime 1737606750.1910315
File C:\Users\DELL\AppData\Local\Programs\Python\Python313\DLLs\_overlapped.pyd first seen with mtime 1733239692.0
File D:\Job\ACS\Employee Portal\.venv\Lib\site-packages\django\db\models\utils.py first seen with mtime 1737606762.9855974
File D:\Job\ACS\Employee Portal\.venv\Lib\site-packages\django\core\servers\__init__.py first seen with mtime 1737606762.6265905
File D:\Job\ACS\Employee Portal\.venv\Lib\site-packages\django\template\__init__.py first seen with mtime 1737606763.3561683
File D:\Job\ACS\Employee Portal\.venv\Lib\site-packages\django\core\handlers\wsgi.py first seen with mtime 1737606762.412783
File C:\Users\DELL\AppData\Local\Programs\Python\Python313\Lib\collections\__init__.py first seen with mtime 1733239648.0
File D:\Job\ACS\Employee Portal\.venv\Lib\site-packages\django\contrib\admin\views\autocomplete.py first seen with mtime 1737606755.8350418
File D:\Job\ACS\Employee Portal\.venv\Lib\site-packages\django\db\backends\base\schema.py first seen with mtime 1737606762.691706
File D:\Job\ACS\Employee Portal\.venv\Lib\site-packages\django\http\__init__.py first seen with mtime 1737606763.2998765
File D:\Job\ACS\Employee Portal\.venv\Lib\site-packages\django\db\models\fields\reverse_related.py first seen with mtime 1737606763.023949
File D:\Job\ACS\Employee Portal\.venv\Lib\site-packages\django\core\files\storage\memory.py first seen with mtime 1737606762.4037824
File D:\Job\ACS\Employee Portal\.venv\Lib\site-packages\django\core\paginator.py first seen with mtime 1737606762.2433238
File D:\Job\ACS\Employee Portal\.venv\Lib\site-packages\django\db\models\functions\datetime.py first seen with mtime 1737606763.0365553
File D:\Job\ACS\Employee Portal\.venv\Lib\site-packages\django\core\serializers\json.py first seen with mtime 1737606762.6028235
File D:\Job\ACS\Employee Portal\.venv\Lib\site-packages\django\template\loaders\app_directories.py first seen with mtime 1737606763.4501092
File D:\Job\ACS\Employee Portal\.venv\Lib\site-packages\django\db\models\query_utils.py first seen with mtime 1737606762.9716873
File C:\Users\DELL\AppData\Local\Programs\Python\Python313\Lib\http\cookies.py first seen with mtime 1733239648.0
File D:\Job\ACS\Employee Portal\.venv\Lib\site-packages\django\contrib\staticfiles\management\commands\__init__.py first seen with mtime 1737606762.209446
File D:\Job\ACS\Employee Portal\.venv\Lib\site-packages\django\contrib\staticfiles\handlers.py first seen with mtime 1737606762.1808274
File C:\Users\DELL\AppData\Local\Programs\Python\Python313\Lib\asyncio\staggered.py first seen with mtime 1733239648.0
File D:\Job\ACS\Employee Portal\.venv\Lib\site-packages\django\utils\translation\trans_real.py first seen with mtime 1737606763.723578
File D:\Job\ACS\Employee Portal\.venv\Lib\site-packages\django\contrib\staticfiles\__init__.py first seen with mtime 1737606762.1647913
File D:\Job\ACS\Employee Portal\.venv\Lib\site-packages\django\contrib\messages\utils.py first seen with mtime 1737606759.6998873
File C:\Users\DELL\AppData\Local\Programs\Python\Python313\Lib\email\encoders.py first seen with mtime 1733239648.0
File D:\Job\ACS\Employee Portal\.venv\Lib\site-packages\django\contrib\admin\helpers.py first seen with mtime 1737606753.2685738
File C:\Users\DELL\AppData\Local\Programs\Python\Python313\Lib\email\parser.py first seen with mtime 1733239648.0
File D:\Job\ACS\Employee Portal\.venv\Lib\site-packages\django\contrib\contenttypes\checks.py first seen with mtime 1737606757.184158
File C:\Users\DELL\AppData\Local\Programs\Python\Python313\Lib\email\feedparser.py first seen with mtime 1733239648.0
File D:\Job\ACS\Employee Portal\.venv\Lib\site-packages\django\db\backends\base\features.py first seen with mtime 1737606762.6778605
File D:\Job\ACS\Employee Portal\.venv\Lib\site-packages\django\contrib\auth\signals.py first seen with mtime 1737606756.5171382
File D:\Job\ACS\Employee Portal\.venv\Lib\site-packages\django\forms\forms.py first seen with mtime 1737606763.0986776
File D:\Job\ACS\Employee Portal\.venv\Lib\site-packages\django\db\models\fields\json.py first seen with mtime 1737606762.9965951
File D:\Job\ACS\Employee Portal\admin_project\admin_panel\models.py first seen with mtime 1737630832.5819678
File C:\Users\DELL\AppData\Local\Programs\Python\Python313\Lib\uuid.py first seen with mtime 1733239650.0
File D:\Job\ACS\Employee Portal\.venv\Lib\site-packages\django\contrib\sessions\backends\base.py first seen with mtime 1737606760.9071443
File D:\Job\ACS\Employee Portal\.venv\Lib\site-packages\django\db\migrations\__init__.py first seen with mtime 1737606762.8557627
File D:\Job\ACS\Employee Portal\.venv\Lib\site-packages\django\contrib\admin\decorators.py first seen with mtime 1737606753.2545745
File D:\Job\ACS\Employee Portal\.venv\Lib\site-packages\django\forms\__init__.py first seen with mtime 1737606763.0916777
File C:\Users\DELL\AppData\Local\Programs\Python\Python313\Lib\string.py first seen with mtime 1733239648.0
File D:\Job\ACS\Employee Portal\.venv\Lib\site-packages\django\forms\models.py first seen with mtime 1737606763.1041965
File D:\Job\ACS\Employee Portal\.venv\Lib\site-packages\django\template\backends\django.py first seen with mtime 1737606763.4221492
File D:\Job\ACS\Employee Portal\.venv\Lib\site-packages\django\forms\widgets.py first seen with mtime 1737606763.1076787
File D:\Job\ACS\Employee Portal\.venv\Lib\site-packages\django\urls\base.py first seen with mtime 1737606763.5132809
File C:\Users\DELL\AppData\Local\Programs\Python\Python313\Lib\asyncio\futures.py first seen with mtime 1733239648.0
File C:\Users\DELL\AppData\Local\Programs\Python\Python313\Lib\html\__init__.py first seen with mtime 1733239648.0
File D:\Job\ACS\Employee Portal\.venv\Lib\site-packages\sqlparse\__init__.py first seen with mtime 1737606750.0891745
File C:\Users\DELL\AppData\Local\Programs\Python\Python313\Lib\urllib\__init__.py first seen with mtime 1733239650.0
File D:\Job\ACS\Employee Portal\.venv\Lib\site-packages\django\utils\duration.py first seen with mtime 1737606763.6095798
File D:\Job\ACS\Employee Portal\.venv\Lib\site-packages\django\utils\dateformat.py first seen with mtime 1737606763.5785384
File D:\Job\ACS\Employee Portal\.venv\Lib\site-packages\django\contrib\auth\validators.py first seen with mtime 1737606756.5275805
File D:\Job\ACS\Employee Portal\.venv\Lib\site-packages\django\contrib\staticfiles\management\__init__.py first seen with mtime 1737606762.1973913
File C:\Users\DELL\AppData\Local\Programs\Python\Python313\Lib\asyncio\format_helpers.py first seen with mtime 1733239648.0
File C:\Users\DELL\AppData\Local\Programs\Python\Python313\Lib\traceback.py first seen with mtime 1733239650.0
File D:\Job\ACS\Employee Portal\.venv\Lib\site-packages\django\http\cookie.py first seen with mtime 1737606763.3025026
File D:\Job\ACS\Employee Portal\.venv\Lib\site-packages\django\utils\datastructures.py first seen with mtime 1737606763.5733306
File D:\Job\ACS\Employee Portal\.venv\Lib\site-packages\django\db\models\lookups.py first seen with mtime 1737606762.9589567
File D:\Job\ACS\Employee Portal\.venv\Lib\site-packages\django\contrib\auth\backends.py first seen with mtime 1737606756.4797587
File D:\Job\ACS\Employee Portal\.venv\Lib\site-packages\django\core\validators.py first seen with mtime 1737606762.2557957
File C:\Users\DELL\AppData\Local\Programs\Python\Python313\Lib\email\charset.py first seen with mtime 1733239648.0
File C:\Users\DELL\AppData\Local\Programs\Python\Python313\Lib\json\encoder.py first seen with mtime 1733239648.0
File C:\Users\DELL\AppData\Local\Programs\Python\Python313\Lib\inspect.py first seen with mtime 1733239648.0
File C:\Users\DELL\AppData\Local\Programs\Python\Python313\Lib\asyncio\__init__.py first seen with mtime 1733239648.0
File D:\Job\ACS\Employee Portal\.venv\Lib\site-packages\django\views\__init__.py first seen with mtime 1737606763.7255754
File D:\Job\ACS\Employee Portal\.venv\Lib\site-packages\django\middleware\__init__.py first seen with mtime 1737606763.3095508
File D:\Job\ACS\Employee Portal\.venv\Lib\site-packages\django\contrib\admin\templatetags\__init__.py first seen with mtime 1737606755.8210406
File D:\Job\ACS\Employee Portal\.venv\Lib\site-packages\django\db\migrations\operations\special.py first seen with mtime 1737606762.9204643
File C:\Users\DELL\AppData\Local\Programs\Python\Python313\Lib\contextvars.py first seen with mtime 1733239648.0
File D:\Job\ACS\Employee Portal\.venv\Lib\site-packages\django\contrib\admin\models.py first seen with mtime 1737606753.2715743
File D:\Job\ACS\Employee Portal\.venv\Lib\site-packages\django\utils\__init__.py first seen with mtime 1737606763.5225873
File D:\Job\ACS\Employee Portal\admin_project\admin_panel\templates\admin_panel first seen with mtime 1737629917.8131413
File D:\Job\ACS\Employee Portal\admin_project\admin_panel\templates\Create_site.html first seen with mtime 1737463787.6719747
File D:\Job\ACS\Employee Portal\admin_project\admin_panel\templates\email_otp_verification.html first seen with mtime 1737463250.304948
File D:\Job\ACS\Employee Portal\admin_project\admin_panel\templates\new_pass.html first seen with mtime 1737463298.6803954
File D:\Job\ACS\Employee Portal\admin_project\admin_panel\templates\View_sites.html first seen with mtime 1737463128.0611641
File D:\Job\ACS\Employee Portal\admin_project\admin_panel\templates\admin_panel\admin_dashboard.html first seen with mtime 1737609662.1817358
File D:\Job\ACS\Employee Portal\admin_project\admin_panel\templates\admin_panel\admin_login.html first seen with mtime 1737616767.188316
File D:\Job\ACS\Employee Portal\.venv\Lib\site-packages\django\contrib\messages\storage\cookie.py first seen with mtime 1737606759.705154
File C:\Users\DELL\AppData\Local\Programs\Python\Python313\Lib\encodings\idna.py first seen with mtime 1733239648.0
File D:\Job\ACS\Employee Portal\.venv\Lib\site-packages\django\template\context_processors.py first seen with mtime 1737606763.3706036
File D:\Job\ACS\Employee Portal\admin_project\admin_panel\migrations\0001_initial.py first seen with mtime 1737625537.112701
File D:\Job\ACS\Employee Portal\.venv\Lib\site-packages\django\contrib\messages\storage\session.py first seen with mtime 1737606759.7061515
File D:\Job\ACS\Employee Portal\.venv\Lib\site-packages\django\db\migrations\loader.py first seen with mtime 1737606762.8711016
File D:\Job\ACS\Employee Portal\.venv\Lib\site-packages\django\contrib\contenttypes\migrations\0002_remove_content_type_name.py first seen with mtime 1737606757.7394388
File D:\Job\ACS\Employee Portal\.venv\Lib\site-packages\django\contrib\admin\migrations\0002_logentry_remove_auto_add.py first seen with mtime 1737606755.1530824
File D:\Job\ACS\Employee Portal\.venv\Lib\site-packages\django\contrib\auth\migrations\0009_alter_user_last_name_max_length.py first seen with mtime 1737606757.1481068
File D:\Job\ACS\Employee Portal\.venv\Lib\site-packages\django\contrib\auth\migrations\__init__.py first seen with mtime 1737606757.1660142
File D:\Job\ACS\Employee Portal\.venv\Lib\site-packages\django\contrib\auth\migrations\0012_alter_user_first_name_max_length.py first seen with mtime 1737606757.1648698
File D:\Job\ACS\Employee Portal\.venv\Lib\site-packages\django\contrib\auth\migrations\0001_initial.py first seen with mtime 1737606757.1344552
File D:\Job\ACS\Employee Portal\.venv\Lib\site-packages\django\contrib\sessions\migrations\__init__.py first seen with mtime 1737606761.529846
File D:\Job\ACS\Employee Portal\.venv\Lib\site-packages\django\contrib\auth\migrations\0006_require_contenttypes_0002.py first seen with mtime 1737606757.144111
File D:\Job\ACS\Employee Portal\.venv\Lib\site-packages\django\db\models\sql\compiler.py first seen with mtime 1737606763.0666776
File D:\Job\ACS\Employee Portal\.venv\Lib\site-packages\django\db\migrations\graph.py first seen with mtime 1737606762.8681097
File D:\Job\ACS\Employee Portal\.venv\Lib\site-packages\django\contrib\sessions\migrations\0001_initial.py first seen with mtime 1737606761.529846
File D:\Job\ACS\Employee Portal\.venv\Lib\site-packages\django\contrib\messages\storage\fallback.py first seen with mtime 1737606759.705154
File D:\Job\ACS\Employee Portal\.venv\Lib\site-packages\MySQLdb\cursors.py first seen with mtime 1737607516.8368742
File D:\Job\ACS\Employee Portal\.venv\Lib\site-packages\django\contrib\sessions\backends\db.py first seen with mtime 1737606760.9152312
File D:\Job\ACS\Employee Portal\.venv\Lib\site-packages\django\contrib\auth\migrations\0007_alter_validators_add_error_messages.py first seen with mtime 1737606757.1471066
File D:\Job\ACS\Employee Portal\.venv\Lib\site-packages\django\contrib\auth\migrations\0005_alter_user_last_login_null.py first seen with mtime 1737606757.143106
File D:\Job\ACS\Employee Portal\.venv\Lib\site-packages\django\contrib\contenttypes\migrations\0001_initial.py first seen with mtime 1737606757.7384417
File D:\Job\ACS\Employee Portal\.venv\Lib\site-packages\django\contrib\auth\migrations\0002_alter_permission_name_max_length.py first seen with mtime 1737606757.1354876
File D:\Job\ACS\Employee Portal\.venv\Lib\site-packages\django\contrib\admin\migrations\0001_initial.py first seen with mtime 1737606755.138065
File D:\Job\ACS\Employee Portal\.venv\Lib\site-packages\django\db\migrations\recorder.py first seen with mtime 1737606762.8893447
File D:\Job\ACS\Employee Portal\.venv\Lib\site-packages\django\contrib\admin\migrations\__init__.py first seen with mtime 1737606755.155084
File D:\Job\ACS\Employee Portal\.venv\Lib\site-packages\MySQLdb\connections.py first seen with mtime 1737607516.8303456
File D:\Job\ACS\Employee Portal\.venv\Lib\site-packages\django\contrib\admin\migrations\0003_logentry_add_action_flag_choices.py first seen with mtime 1737606755.154083
File D:\Job\ACS\Employee Portal\.venv\Lib\site-packages\django\db\migrations\executor.py first seen with mtime 1737606762.8657656
File D:\Job\ACS\Employee Portal\.venv\Lib\site-packages\django\contrib\auth\migrations\0010_alter_group_name_max_length.py first seen with mtime 1737606757.1491065
File D:\Job\ACS\Employee Portal\.venv\Lib\site-packages\django\contrib\contenttypes\migrations\__init__.py first seen with mtime 1737606757.7414389
File D:\Job\ACS\Employee Portal\.venv\Lib\site-packages\django\contrib\auth\migrations\0008_alter_user_username_max_length.py first seen with mtime 1737606757.1471066
File D:\Job\ACS\Employee Portal\.venv\Lib\site-packages\django\contrib\sessions\serializers.py first seen with mtime 1737606760.8969233
File D:\Job\ACS\Employee Portal\.venv\Lib\site-packages\django\contrib\auth\context_processors.py first seen with mtime 1737606756.4902132
File D:\Job\ACS\Employee Portal\.venv\Lib\site-packages\django\db\backends\mysql\compiler.py first seen with mtime 1737606762.7190492
File D:\Job\ACS\Employee Portal\.venv\Lib\site-packages\django\contrib\auth\migrations\0004_alter_user_username_opts.py first seen with mtime 1737606757.1421082
File D:\Job\ACS\Employee Portal\.venv\Lib\site-packages\django\contrib\auth\migrations\0003_alter_user_email_max_length.py first seen with mtime 1737606757.1381452
File D:\Job\ACS\Employee Portal\.venv\Lib\site-packages\django\contrib\messages\context_processors.py first seen with mtime 1737606759.694348
File D:\Job\ACS\Employee Portal\.venv\Lib\site-packages\django\contrib\auth\migrations\0011_update_proxy_permissions.py first seen with mtime 1737606757.1611087
File D:\Job\ACS\Employee Portal\admin_project\admin_panel\migrations\__init__.py first seen with mtime 1737606810.7255979
File C:\Users\DELL\AppData\Local\Programs\Python\Python313\Lib\stringprep.py first seen with mtime 1733239648.0
File D:\Job\ACS\Employee Portal\admin_project\admin_project\wsgi.py first seen with mtime 1737606779.7422173
"POST / HTTP/1.1" 302 0
"GET /admin_panel/admin-login/ HTTP/1.1" 200 1024
"GET / HTTP/1.1" 302 0
"GET /admin_panel/admin-login/ HTTP/1.1" 200 1024
Exception while resolving variable 'name' in template 'unknown'.
Traceback (most recent call last):
  File "D:\Job\ACS\Employee Portal\.venv\Lib\site-packages\django\core\handlers\exception.py", line 55, in inner
    response = get_response(request)
  File "D:\Job\ACS\Employee Portal\.venv\Lib\site-packages\django\core\handlers\base.py", line 181, in _get_response
    callback, callback_args, callback_kwargs = self.resolve_request(request)
                                               ~~~~~~~~~~~~~~~~~~~~^^^^^^^^^
  File "D:\Job\ACS\Employee Portal\.venv\Lib\site-packages\django\core\handlers\base.py", line 313, in resolve_request
    resolver_match = resolver.resolve(request.path_info)
  File "D:\Job\ACS\Employee Portal\.venv\Lib\site-packages\django\urls\resolvers.py", line 705, in resolve
    raise Resolver404({"tried": tried, "path": new_path})
django.urls.exceptions.Resolver404: {'tried': [[<URLResolver <URLPattern list> (admin:admin) 'admin/'>], [<URLResolver <module 'admin_panel.urls' from 'D:\\Job\\ACS\\Employee Portal\\admin_project\\admin_panel\\urls.py'> (None:None) 'admin_panel/'>], [<URLPattern ''>]], 'path': 'favicon.ico'}

During handling of the above exception, another exception occurred:

Traceback (most recent call last):
  File "D:\Job\ACS\Employee Portal\.venv\Lib\site-packages\django\template\base.py", line 883, in _resolve_lookup
    current = current[bit]
              ~~~~~~~^^^^^
TypeError: 'URLResolver' object is not subscriptable

During handling of the above exception, another exception occurred:

Traceback (most recent call last):
  File "D:\Job\ACS\Employee Portal\.venv\Lib\site-packages\django\template\base.py", line 893, in _resolve_lookup
    current = getattr(current, bit)
AttributeError: 'URLResolver' object has no attribute 'name'

During handling of the above exception, another exception occurred:

Traceback (most recent call last):
  File "D:\Job\ACS\Employee Portal\.venv\Lib\site-packages\django\template\base.py", line 899, in _resolve_lookup
    current = current[int(bit)]
                      ~~~^^^^^
ValueError: invalid literal for int() with base 10: 'name'

During handling of the above exception, another exception occurred:

Traceback (most recent call last):
  File "D:\Job\ACS\Employee Portal\.venv\Lib\site-packages\django\template\base.py", line 906, in _resolve_lookup
    raise VariableDoesNotExist(
    ^^^^^^^^^^^^^^^^^^^^^^^^^^^
    ...<2 lines>...
    )  # missing attribute
    ^
django.template.base.VariableDoesNotExist: Failed lookup for key [name] in <URLResolver <URLPattern list> (admin:admin) 'admin/'>
Exception while resolving variable 'name' in template 'unknown'.
Traceback (most recent call last):
  File "D:\Job\ACS\Employee Portal\.venv\Lib\site-packages\django\core\handlers\exception.py", line 55, in inner
    response = get_response(request)
  File "D:\Job\ACS\Employee Portal\.venv\Lib\site-packages\django\core\handlers\base.py", line 181, in _get_response
    callback, callback_args, callback_kwargs = self.resolve_request(request)
                                               ~~~~~~~~~~~~~~~~~~~~^^^^^^^^^
  File "D:\Job\ACS\Employee Portal\.venv\Lib\site-packages\django\core\handlers\base.py", line 313, in resolve_request
    resolver_match = resolver.resolve(request.path_info)
  File "D:\Job\ACS\Employee Portal\.venv\Lib\site-packages\django\urls\resolvers.py", line 705, in resolve
    raise Resolver404({"tried": tried, "path": new_path})
django.urls.exceptions.Resolver404: {'tried': [[<URLResolver <URLPattern list> (admin:admin) 'admin/'>], [<URLResolver <module 'admin_panel.urls' from 'D:\\Job\\ACS\\Employee Portal\\admin_project\\admin_panel\\urls.py'> (None:None) 'admin_panel/'>], [<URLPattern ''>]], 'path': 'favicon.ico'}

During handling of the above exception, another exception occurred:

Traceback (most recent call last):
  File "D:\Job\ACS\Employee Portal\.venv\Lib\site-packages\django\template\base.py", line 883, in _resolve_lookup
    current = current[bit]
              ~~~~~~~^^^^^
TypeError: 'URLResolver' object is not subscriptable

During handling of the above exception, another exception occurred:

Traceback (most recent call last):
  File "D:\Job\ACS\Employee Portal\.venv\Lib\site-packages\django\template\base.py", line 893, in _resolve_lookup
    current = getattr(current, bit)
AttributeError: 'URLResolver' object has no attribute 'name'

During handling of the above exception, another exception occurred:

Traceback (most recent call last):
  File "D:\Job\ACS\Employee Portal\.venv\Lib\site-packages\django\template\base.py", line 899, in _resolve_lookup
    current = current[int(bit)]
                      ~~~^^^^^
ValueError: invalid literal for int() with base 10: 'name'

During handling of the above exception, another exception occurred:

Traceback (most recent call last):
  File "D:\Job\ACS\Employee Portal\.venv\Lib\site-packages\django\template\base.py", line 906, in _resolve_lookup
    raise VariableDoesNotExist(
    ^^^^^^^^^^^^^^^^^^^^^^^^^^^
    ...<2 lines>...
    )  # missing attribute
    ^
django.template.base.VariableDoesNotExist: Failed lookup for key [name] in <URLResolver <module 'admin_panel.urls' from 'D:\\Job\\ACS\\Employee Portal\\admin_project\\admin_panel\\urls.py'> (None:None) 'admin_panel/'>
Not Found: /favicon.ico
"GET /favicon.ico HTTP/1.1" 404 2513
"POST / HTTP/1.1" 302 0
"GET /admin_panel/admin-login/ HTTP/1.1" 200 1024
File D:\Job\ACS\Employee Portal\admin_project\admin_project\settings.py previous mtime: 1737631671.9271474, current mtime: 1737631788.4752302
D:\Job\ACS\Employee Portal\admin_project\admin_project\settings.py notified as changed. Signal results: [(<function template_changed at 0x000002A34FFD5BC0>, None), (<function translation_file_changed at 0x000002A35122D120>, None)].
D:\Job\ACS\Employee Portal\admin_project\admin_project\settings.py changed, reloading.
